<?xml version="1.0" encoding="UTF-8"?>
<!-- Generated by org.testng.reporters.JUnitReportReporter -->
<testsuite hostname="user-PC" failures="0" tests="1" name="Academy.TC_alert_001" time="17.173" errors="0" timestamp="2020-02-27T18:44:32 IST" skipped="0">
  <testcase classname="Academy.TC_alert_001" name="checkingalertbtn" time="17.173"/>
  <system-out/>
</testsuite> <!-- Academy.TC_alert_001 -->
