<?xml version="1.0" encoding="UTF-8"?>
<!-- Generated by org.testng.reporters.JUnitReportReporter -->
<testsuite hostname="user-PC" failures="0" tests="1" name="Academy.TC_Frames_001" time="10.733" errors="0" timestamp="2020-02-27T18:44:32 IST" skipped="0">
  <testcase classname="Academy.TC_Frames_001" name="framechecking" time="10.733"/>
  <system-out/>
</testsuite> <!-- Academy.TC_Frames_001 -->
