<?xml version="1.0" encoding="UTF-8"?>
<!-- Generated by org.testng.reporters.JUnitReportReporter -->
<testsuite hostname="user-PC" failures="0" tests="1" name="Academy.Login" time="11.489" errors="0" timestamp="2020-02-27T18:44:32 IST" skipped="0">
  <testcase classname="Academy.Login" name="basepagenavigation" time="11.489"/>
  <system-out/>
</testsuite> <!-- Academy.Login -->
