<?xml version="1.0" encoding="UTF-8"?>
<!-- Generated by org.testng.reporters.JUnitReportReporter -->
<testsuite hostname="user-PC" failures="0" tests="1" name="Academy.TC_Frames_001" time="12.770" errors="0" timestamp="2020-03-29T13:32:32 IST" skipped="0">
  <testcase classname="Academy.TC_Frames_001" name="framechecking" time="12.770"/>
  <system-out/>
</testsuite> <!-- Academy.TC_Frames_001 -->
